# __init__.py

# tests/__init__.py

# models/__init__.py

# crud/__init__.py

# api/__init__.py

# venv/lib/python3.9/site-packages/flask/__init__.py

# venv/lib/python3.9/site-packages/flask/json/__init__.py

# venv/lib/python3.9/site-packages/markupsafe/__init__.py

# venv/lib/python3.9/site-packages/jinja2/__init__.py

# venv/lib/python3.9/site-packages/importlib_metadata/__init__.py

# venv/lib/python3.9/site-packages/importlib_metadata/compat/__init__.py

# venv/lib/python3.9/site-packages/werkzeug/__init__.py

# venv/lib/python3.9/site-packages/werkzeug/middleware/__init__.py

# venv/lib/python3.9/site-packages/werkzeug/wrappers/__init__.py

# venv/lib/python3.9/site-packages/werkzeug/sansio/__init__.py

# venv/lib/python3.9/site-packages/werkzeug/datastructures/__init__.py

# venv/lib/python3.9/site-packages/werkzeug/routing/__init__.py

# venv/lib/python3.9/site-packages/werkzeug/debug/__init__.py

# venv/lib/python3.9/site-packages/click/__init__.py

# venv/lib/python3.9/site-packages/zipp/__init__.py

# venv/lib/python3.9/site-packages/zipp/compat/__init__.py

# venv/lib/python3.9/site-packages/pip/__init__.py

# venv/lib/python3.9/site-packages/pip/_internal/__init__.py

# venv/lib/python3.9/site-packages/pip/_internal/network/__init__.py

# venv/lib/python3.9/site-packages/pip/_internal/utils/__init__.py

# venv/lib/python3.9/site-packages/pip/_internal/models/__init__.py

# venv/lib/python3.9/site-packages/pip/_internal/cli/__init__.py

# venv/lib/python3.9/site-packages/pip/_internal/operations/__init__.py

# venv/lib/python3.9/site-packages/pip/_internal/operations/install/__init__.py

# venv/lib/python3.9/site-packages/pip/_internal/operations/build/__init__.py

# venv/lib/python3.9/site-packages/pip/_internal/req/__init__.py

# venv/lib/python3.9/site-packages/pip/_internal/resolution/__init__.py

# venv/lib/python3.9/site-packages/pip/_internal/resolution/legacy/__init__.py

# venv/lib/python3.9/site-packages/pip/_internal/resolution/resolvelib/__init__.py

# venv/lib/python3.9/site-packages/pip/_internal/vcs/__init__.py

# venv/lib/python3.9/site-packages/pip/_internal/locations/__init__.py

# venv/lib/python3.9/site-packages/pip/_internal/index/__init__.py

# venv/lib/python3.9/site-packages/pip/_internal/commands/__init__.py

# venv/lib/python3.9/site-packages/pip/_internal/metadata/__init__.py

# venv/lib/python3.9/site-packages/pip/_internal/metadata/importlib/__init__.py

# venv/lib/python3.9/site-packages/pip/_internal/distributions/__init__.py

# venv/lib/python3.9/site-packages/pip/_vendor/__init__.py

# venv/lib/python3.9/site-packages/pip/_vendor/packaging/__init__.py

# venv/lib/python3.9/site-packages/pip/_vendor/truststore/__init__.py

# venv/lib/python3.9/site-packages/pip/_vendor/msgpack/__init__.py

# venv/lib/python3.9/site-packages/pip/_vendor/pygments/__init__.py

# venv/lib/python3.9/site-packages/pip/_vendor/pygments/filters/__init__.py

# venv/lib/python3.9/site-packages/pip/_vendor/pygments/lexers/__init__.py

# venv/lib/python3.9/site-packages/pip/_vendor/pygments/formatters/__init__.py

# venv/lib/python3.9/site-packages/pip/_vendor/pygments/styles/__init__.py

# venv/lib/python3.9/site-packages/pip/_vendor/distlib/__init__.py

# venv/lib/python3.9/site-packages/pip/_vendor/distro/__init__.py

# venv/lib/python3.9/site-packages/pip/_vendor/cachecontrol/__init__.py

# venv/lib/python3.9/site-packages/pip/_vendor/cachecontrol/caches/__init__.py

# venv/lib/python3.9/site-packages/pip/_vendor/idna/__init__.py

# venv/lib/python3.9/site-packages/pip/_vendor/requests/__init__.py

# venv/lib/python3.9/site-packages/pip/_vendor/tomli/__init__.py

# venv/lib/python3.9/site-packages/pip/_vendor/certifi/__init__.py

# venv/lib/python3.9/site-packages/pip/_vendor/pyproject_hooks/__init__.py

# venv/lib/python3.9/site-packages/pip/_vendor/pyproject_hooks/_in_process/__init__.py

# venv/lib/python3.9/site-packages/pip/_vendor/rich/__init__.py

# venv/lib/python3.9/site-packages/pip/_vendor/urllib3/__init__.py

# venv/lib/python3.9/site-packages/pip/_vendor/urllib3/util/__init__.py

# venv/lib/python3.9/site-packages/pip/_vendor/urllib3/contrib/__init__.py

# venv/lib/python3.9/site-packages/pip/_vendor/urllib3/contrib/_securetransport/__init__.py

# venv/lib/python3.9/site-packages/pip/_vendor/urllib3/packages/__init__.py

# venv/lib/python3.9/site-packages/pip/_vendor/urllib3/packages/backports/__init__.py

# venv/lib/python3.9/site-packages/pip/_vendor/pkg_resources/__init__.py

# venv/lib/python3.9/site-packages/pip/_vendor/resolvelib/__init__.py

# venv/lib/python3.9/site-packages/pip/_vendor/resolvelib/compat/__init__.py

# venv/lib/python3.9/site-packages/pip/_vendor/platformdirs/__init__.py

# venv/lib/python3.9/site-packages/blinker/__init__.py

# venv/lib/python3.9/site-packages/setuptools/__init__.py

# venv/lib/python3.9/site-packages/setuptools/_vendor/__init__.py

# venv/lib/python3.9/site-packages/setuptools/_vendor/packaging/__init__.py

# venv/lib/python3.9/site-packages/setuptools/command/__init__.py

# venv/lib/python3.9/site-packages/setuptools/extern/__init__.py

# venv/lib/python3.9/site-packages/setuptools/_distutils/__init__.py

# venv/lib/python3.9/site-packages/setuptools/_distutils/command/__init__.py

# venv/lib/python3.9/site-packages/pkg_resources/__init__.py

# venv/lib/python3.9/site-packages/pkg_resources/_vendor/__init__.py

# venv/lib/python3.9/site-packages/pkg_resources/_vendor/packaging/__init__.py

# venv/lib/python3.9/site-packages/pkg_resources/extern/__init__.py

# venv/lib/python3.9/site-packages/_distutils_hack/__init__.py

# venv/lib/python3.9/site-packages/itsdangerous/__init__.py

